build/app/intermediates/manifest_merge_blame_file/debug/manifest-merger-blame-debug-report.txt
1<?xml version="1.0" encoding="utf-8"?>
2<manifest xmlns:android="http://schemas.android.com/apk/res/android"
3    package="com.renterii.renterii"
4    android:versionCode="1"
5    android:versionName="1.0.0" >
6
7    <uses-sdk
8        android:minSdkVersion="21"
9        android:targetSdkVersion="31" />
10    <!--
11         Flutter needs it to communicate with the running application
12         to allow setting breakpoints, to provide hot reload, etc.
13    -->
14    <uses-permission android:name="android.permission.INTERNET" />
14-->src\debug\AndroidManifest.xml:6:5-66
14-->src\debug\AndroidManifest.xml:6:22-64
15    <uses-permission android:name="android.permission.ACCESS_FINE_LOCATION" />
15-->src\main\AndroidManifest.xml:37:5-79
15-->src\main\AndroidManifest.xml:37:22-76
16    <uses-permission android:name="android.permission.FOREGROUND_SERVICE" /> <!-- See https://developer.android.com/training/package-visibility/declaring for more details. -->
16-->[:geolocator_android] AndroidManifest.xml:7:5-77
16-->[:geolocator_android] AndroidManifest.xml:7:22-74
17    <queries>
17-->[com.stripe:financial-connections:20.4.0] AndroidManifest.xml:12:5-20:15
18
19        <!-- Added to check the default browser that will host the AuthFlow. -->
20        <intent>
20-->[com.stripe:financial-connections:20.4.0] AndroidManifest.xml:15:9-19:18
21            <action android:name="android.intent.action.VIEW" />
21-->[com.stripe:financial-connections:20.4.0] AndroidManifest.xml:16:13-65
21-->[com.stripe:financial-connections:20.4.0] AndroidManifest.xml:16:21-62
22
23            <data android:scheme="http" />
23-->[com.stripe:financial-connections:20.4.0] AndroidManifest.xml:18:13-43
23-->[com.stripe:financial-connections:20.4.0] AndroidManifest.xml:18:19-40
24        </intent>
25        <!-- Added to check if Chrome is installed for browser-based payment authentication (e.g. 3DS1). -->
26        <package android:name="com.android.chrome" /> <!-- Needs to be explicitly declared on Android R+ -->
26-->[com.stripe:payments-core:20.4.0] AndroidManifest.xml:13:9-54
26-->[com.stripe:payments-core:20.4.0] AndroidManifest.xml:13:18-51
27        <package android:name="com.google.android.apps.maps" />
27-->[com.google.android.gms:play-services-maps:18.0.2] AndroidManifest.xml:33:9-64
27-->[com.google.android.gms:play-services-maps:18.0.2] AndroidManifest.xml:33:18-61
28    </queries>
29
30    <uses-permission android:name="android.permission.ACCESS_NETWORK_STATE" />
30-->[com.google.firebase:firebase-auth:21.0.7] AndroidManifest.xml:24:5-79
30-->[com.google.firebase:firebase-auth:21.0.7] AndroidManifest.xml:24:22-76
31
32    <uses-feature
32-->[com.google.android.gms:play-services-maps:18.0.2] AndroidManifest.xml:26:5-28:35
33        android:glEsVersion="0x00020000"
33-->[com.google.android.gms:play-services-maps:18.0.2] AndroidManifest.xml:27:9-41
34        android:required="true" />
34-->[com.google.android.gms:play-services-maps:18.0.2] AndroidManifest.xml:28:9-32
35
36    <application
37        android:name="android.app.Application"
38        android:appComponentFactory="androidx.core.app.CoreComponentFactory"
38-->[androidx.core:core:1.8.0] AndroidManifest.xml:24:18-86
39        android:debuggable="true"
40        android:icon="@mipmap/ic_launcher"
41        android:label="renterii" >
42        <activity
43            android:name="com.example.renterii.MainActivity"
44            android:configChanges="orientation|keyboardHidden|keyboard|screenSize|smallestScreenSize|locale|layoutDirection|fontScale|screenLayout|density|uiMode"
45            android:exported="true"
46            android:hardwareAccelerated="true"
47            android:launchMode="singleTop"
48            android:theme="@style/Theme.MaterialComponents.Light"
49            android:windowSoftInputMode="adjustResize" >
50
51            <!--
52                 Specifies an Android theme to apply to this Activity as soon as
53                 the Android process has started. This theme is visible to the user
54                 while the Flutter UI initializes. After that, this theme continues
55                 to determine the Window background behind the Flutter UI.
56            -->
57            <meta-data
58                android:name="io.flutter.embedding.android.NormalTheme"
59                android:resource="@style/NormalTheme" />
60
61            <intent-filter>
62                <action android:name="android.intent.action.MAIN" />
63
64                <category android:name="android.intent.category.LAUNCHER" />
65            </intent-filter>
66        </activity>
67        <!--
68             Don't delete the meta-data below.
69             This is used by the Flutter tool to generate GeneratedPluginRegistrant.java
70        -->
71        <meta-data
72            android:name="flutterEmbedding"
73            android:value="2" />
74        <meta-data
75            android:name="com.google.android.geo.API_KEY"
76            android:value="AIzaSyB8HZG30Vs2l7AyxnjvNKh1t0sMZFhuKio" />
77
78        <service
78-->[:cloud_firestore] AndroidManifest.xml:8:9-12:19
79            android:name="com.google.firebase.components.ComponentDiscoveryService"
79-->[:cloud_firestore] AndroidManifest.xml:8:18-89
80            android:directBootAware="true"
80-->[com.google.firebase:firebase-common:20.1.1] AndroidManifest.xml:35:13-43
81            android:exported="false" >
81-->[com.google.firebase:firebase-auth:21.0.7] AndroidManifest.xml:66:13-37
82            <meta-data
82-->[:cloud_firestore] AndroidManifest.xml:9:13-11:85
83                android:name="com.google.firebase.components:io.flutter.plugins.firebase.firestore.FlutterFirebaseFirestoreRegistrar"
83-->[:cloud_firestore] AndroidManifest.xml:10:17-134
84                android:value="com.google.firebase.components.ComponentRegistrar" />
84-->[:cloud_firestore] AndroidManifest.xml:11:17-82
85            <meta-data
85-->[:firebase_auth] AndroidManifest.xml:9:13-11:85
86                android:name="com.google.firebase.components:io.flutter.plugins.firebase.auth.FlutterFirebaseAuthRegistrar"
86-->[:firebase_auth] AndroidManifest.xml:10:17-124
87                android:value="com.google.firebase.components.ComponentRegistrar" />
87-->[:firebase_auth] AndroidManifest.xml:11:17-82
88            <meta-data
88-->[:firebase_storage] AndroidManifest.xml:9:13-11:85
89                android:name="com.google.firebase.components:io.flutter.plugins.firebase.storage.FlutterFirebaseAppRegistrar"
89-->[:firebase_storage] AndroidManifest.xml:10:17-126
90                android:value="com.google.firebase.components.ComponentRegistrar" />
90-->[:firebase_storage] AndroidManifest.xml:11:17-82
91            <meta-data
91-->[:firebase_core] AndroidManifest.xml:9:13-11:85
92                android:name="com.google.firebase.components:io.flutter.plugins.firebase.core.FlutterFirebaseCoreRegistrar"
92-->[:firebase_core] AndroidManifest.xml:10:17-124
93                android:value="com.google.firebase.components.ComponentRegistrar" />
93-->[:firebase_core] AndroidManifest.xml:11:17-82
94            <meta-data
94-->[com.google.firebase:firebase-auth:21.0.7] AndroidManifest.xml:67:13-69:85
95                android:name="com.google.firebase.components:com.google.firebase.auth.FirebaseAuthRegistrar"
95-->[com.google.firebase:firebase-auth:21.0.7] AndroidManifest.xml:68:17-109
96                android:value="com.google.firebase.components.ComponentRegistrar" />
96-->[com.google.firebase:firebase-auth:21.0.7] AndroidManifest.xml:69:17-82
97            <meta-data
97-->[com.google.firebase:firebase-firestore:24.2.2] AndroidManifest.xml:20:13-22:85
98                android:name="com.google.firebase.components:com.google.firebase.firestore.FirestoreRegistrar"
98-->[com.google.firebase:firebase-firestore:24.2.2] AndroidManifest.xml:21:17-111
99                android:value="com.google.firebase.components.ComponentRegistrar" />
99-->[com.google.firebase:firebase-firestore:24.2.2] AndroidManifest.xml:22:17-82
100            <meta-data
100-->[com.google.firebase:firebase-storage:20.0.1] AndroidManifest.xml:33:13-35:85
101                android:name="com.google.firebase.components:com.google.firebase.storage.StorageRegistrar"
101-->[com.google.firebase:firebase-storage:20.0.1] AndroidManifest.xml:34:17-107
102                android:value="com.google.firebase.components.ComponentRegistrar" />
102-->[com.google.firebase:firebase-storage:20.0.1] AndroidManifest.xml:35:17-82
103        </service>
104        <service
104-->[:geolocator_android] AndroidManifest.xml:10:9-14:56
105            android:name="com.baseflow.geolocator.GeolocatorLocationService"
105-->[:geolocator_android] AndroidManifest.xml:11:13-77
106            android:enabled="true"
106-->[:geolocator_android] AndroidManifest.xml:12:13-35
107            android:exported="false"
107-->[:geolocator_android] AndroidManifest.xml:13:13-37
108            android:foregroundServiceType="location" />
108-->[:geolocator_android] AndroidManifest.xml:14:13-53
109
110        <provider
110-->[:image_picker_android] AndroidManifest.xml:8:9-16:20
111            android:name="io.flutter.plugins.imagepicker.ImagePickerFileProvider"
111-->[:image_picker_android] AndroidManifest.xml:9:13-82
112            android:authorities="com.renterii.renterii.flutter.image_provider"
112-->[:image_picker_android] AndroidManifest.xml:10:13-74
113            android:exported="false"
113-->[:image_picker_android] AndroidManifest.xml:11:13-37
114            android:grantUriPermissions="true" >
114-->[:image_picker_android] AndroidManifest.xml:12:13-47
115            <meta-data
115-->[:image_picker_android] AndroidManifest.xml:13:13-15:75
116                android:name="android.support.FILE_PROVIDER_PATHS"
116-->[:image_picker_android] AndroidManifest.xml:14:17-67
117                android:resource="@xml/flutter_image_picker_file_paths" />
117-->[:image_picker_android] AndroidManifest.xml:15:17-72
118        </provider>
119
120        <activity
120-->[:url_launcher_android] AndroidManifest.xml:8:9-11:74
121            android:name="io.flutter.plugins.urllauncher.WebViewActivity"
121-->[:url_launcher_android] AndroidManifest.xml:9:13-74
122            android:exported="false"
122-->[:url_launcher_android] AndroidManifest.xml:10:13-37
123            android:theme="@android:style/Theme.NoTitleBar.Fullscreen" />
123-->[:url_launcher_android] AndroidManifest.xml:11:13-71
124        <activity
124-->[com.stripe:financial-connections:20.4.0] AndroidManifest.xml:23:9-42:20
125            android:name="com.stripe.android.financialconnections.FinancialConnectionsSheetRedirectActivity"
125-->[com.stripe:financial-connections:20.4.0] AndroidManifest.xml:24:13-109
126            android:exported="true" >
126-->[com.stripe:financial-connections:20.4.0] AndroidManifest.xml:25:13-36
127            <intent-filter>
127-->[com.stripe:financial-connections:20.4.0] AndroidManifest.xml:26:13-41:29
128                <action android:name="android.intent.action.VIEW" />
128-->[com.stripe:financial-connections:20.4.0] AndroidManifest.xml:16:13-65
128-->[com.stripe:financial-connections:20.4.0] AndroidManifest.xml:16:21-62
129
130                <category android:name="android.intent.category.DEFAULT" />
130-->[com.stripe:financial-connections:20.4.0] AndroidManifest.xml:29:17-76
130-->[com.stripe:financial-connections:20.4.0] AndroidManifest.xml:29:27-73
131                <category android:name="android.intent.category.BROWSABLE" />
131-->[com.stripe:financial-connections:20.4.0] AndroidManifest.xml:30:17-78
131-->[com.stripe:financial-connections:20.4.0] AndroidManifest.xml:30:27-75
132
133                <!-- Accepts success and cancel URIs that begin with "stripe-auth://link-accounts” -->
134                <data
134-->[com.stripe:financial-connections:20.4.0] AndroidManifest.xml:18:13-43
135                    android:host="link-accounts"
136                    android:path="/com.renterii.renterii/success"
137                    android:scheme="stripe-auth" />
137-->[com.stripe:financial-connections:20.4.0] AndroidManifest.xml:18:19-40
138                <data
138-->[com.stripe:financial-connections:20.4.0] AndroidManifest.xml:18:13-43
139                    android:host="link-accounts"
140                    android:path="/com.renterii.renterii/cancel"
141                    android:scheme="stripe-auth" />
141-->[com.stripe:financial-connections:20.4.0] AndroidManifest.xml:18:19-40
142            </intent-filter>
143        </activity>
144        <activity
144-->[com.stripe:financial-connections:20.4.0] AndroidManifest.xml:43:9-46:57
145            android:name="com.stripe.android.financialconnections.FinancialConnectionsSheetActivity"
145-->[com.stripe:financial-connections:20.4.0] AndroidManifest.xml:44:13-101
146            android:exported="false"
146-->[com.stripe:financial-connections:20.4.0] AndroidManifest.xml:45:13-37
147            android:theme="@style/StripeDefaultTheme" />
147-->[com.stripe:financial-connections:20.4.0] AndroidManifest.xml:46:13-54
148        <activity
148-->[com.stripe:paymentsheet:20.4.0] AndroidManifest.xml:10:9-13:69
149            android:name="com.stripe.android.paymentsheet.PaymentSheetActivity"
149-->[com.stripe:paymentsheet:20.4.0] AndroidManifest.xml:11:13-80
150            android:exported="false"
150-->[com.stripe:paymentsheet:20.4.0] AndroidManifest.xml:12:13-37
151            android:theme="@style/StripePaymentSheetDefaultTheme" />
151-->[com.stripe:paymentsheet:20.4.0] AndroidManifest.xml:13:13-66
152        <activity
152-->[com.stripe:paymentsheet:20.4.0] AndroidManifest.xml:14:9-17:69
153            android:name="com.stripe.android.paymentsheet.PaymentOptionsActivity"
153-->[com.stripe:paymentsheet:20.4.0] AndroidManifest.xml:15:13-82
154            android:exported="false"
154-->[com.stripe:paymentsheet:20.4.0] AndroidManifest.xml:16:13-37
155            android:theme="@style/StripePaymentSheetDefaultTheme" />
155-->[com.stripe:paymentsheet:20.4.0] AndroidManifest.xml:17:13-66
156        <activity
156-->[com.stripe:link:20.4.0] AndroidManifest.xml:10:9-13:44
157            android:name="com.stripe.android.link.LinkActivity"
157-->[com.stripe:link:20.4.0] AndroidManifest.xml:11:13-64
158            android:exported="false"
158-->[com.stripe:link:20.4.0] AndroidManifest.xml:12:13-37
159            android:label="@string/link" />
159-->[com.stripe:link:20.4.0] AndroidManifest.xml:13:13-41
160        <activity
160-->[com.stripe:payments-ui-core:20.4.0] AndroidManifest.xml:10:9-13:69
161            android:name="com.stripe.android.ui.core.cardscan.CardScanActivity"
161-->[com.stripe:payments-ui-core:20.4.0] AndroidManifest.xml:11:13-80
162            android:exported="false"
162-->[com.stripe:payments-ui-core:20.4.0] AndroidManifest.xml:12:13-37
163            android:theme="@style/StripePaymentSheetDefaultTheme" />
163-->[com.stripe:payments-ui-core:20.4.0] AndroidManifest.xml:13:13-66
164        <activity
164-->[com.stripe:payments-core:20.4.0] AndroidManifest.xml:17:9-20:57
165            android:name="com.stripe.android.view.AddPaymentMethodActivity"
165-->[com.stripe:payments-core:20.4.0] AndroidManifest.xml:18:13-76
166            android:exported="false"
166-->[com.stripe:payments-core:20.4.0] AndroidManifest.xml:19:13-37
167            android:theme="@style/StripeDefaultTheme" />
167-->[com.stripe:payments-core:20.4.0] AndroidManifest.xml:20:13-54
168        <activity
168-->[com.stripe:payments-core:20.4.0] AndroidManifest.xml:21:9-24:57
169            android:name="com.stripe.android.view.PaymentMethodsActivity"
169-->[com.stripe:payments-core:20.4.0] AndroidManifest.xml:22:13-74
170            android:exported="false"
170-->[com.stripe:payments-core:20.4.0] AndroidManifest.xml:23:13-37
171            android:theme="@style/StripeDefaultTheme" />
171-->[com.stripe:payments-core:20.4.0] AndroidManifest.xml:24:13-54
172        <activity
172-->[com.stripe:payments-core:20.4.0] AndroidManifest.xml:25:9-28:57
173            android:name="com.stripe.android.view.PaymentFlowActivity"
173-->[com.stripe:payments-core:20.4.0] AndroidManifest.xml:26:13-71
174            android:exported="false"
174-->[com.stripe:payments-core:20.4.0] AndroidManifest.xml:27:13-37
175            android:theme="@style/StripeDefaultTheme" />
175-->[com.stripe:payments-core:20.4.0] AndroidManifest.xml:28:13-54
176        <activity
176-->[com.stripe:payments-core:20.4.0] AndroidManifest.xml:29:9-33:58
177            android:name="com.stripe.android.view.PaymentAuthWebViewActivity"
177-->[com.stripe:payments-core:20.4.0] AndroidManifest.xml:30:13-78
178            android:exported="false"
178-->[com.stripe:payments-core:20.4.0] AndroidManifest.xml:31:13-37
179            android:theme="@style/StripeDefaultTheme"
179-->[com.stripe:payments-core:20.4.0] AndroidManifest.xml:32:13-54
180            android:windowSoftInputMode="adjustResize" />
180-->[com.stripe:payments-core:20.4.0] AndroidManifest.xml:33:13-55
181        <activity
181-->[com.stripe:payments-core:20.4.0] AndroidManifest.xml:34:9-37:61
182            android:name="com.stripe.android.view.PaymentRelayActivity"
182-->[com.stripe:payments-core:20.4.0] AndroidManifest.xml:35:13-72
183            android:exported="false"
183-->[com.stripe:payments-core:20.4.0] AndroidManifest.xml:36:13-37
184            android:theme="@style/StripeTransparentTheme" />
184-->[com.stripe:payments-core:20.4.0] AndroidManifest.xml:37:13-58
185        <!--
186        Set android:launchMode="singleTop" so that the StripeBrowserLauncherActivity instance that
187        launched the browser Activity will also handle the return URL deep link.
188        -->
189        <activity
189-->[com.stripe:payments-core:20.4.0] AndroidManifest.xml:43:9-47:61
190            android:name="com.stripe.android.payments.StripeBrowserLauncherActivity"
190-->[com.stripe:payments-core:20.4.0] AndroidManifest.xml:44:13-85
191            android:exported="false"
191-->[com.stripe:payments-core:20.4.0] AndroidManifest.xml:45:13-37
192            android:launchMode="singleTask"
192-->[com.stripe:payments-core:20.4.0] AndroidManifest.xml:46:13-44
193            android:theme="@style/StripeTransparentTheme" />
193-->[com.stripe:payments-core:20.4.0] AndroidManifest.xml:47:13-58
194        <activity
194-->[com.stripe:payments-core:20.4.0] AndroidManifest.xml:48:9-65:20
195            android:name="com.stripe.android.payments.StripeBrowserProxyReturnActivity"
195-->[com.stripe:payments-core:20.4.0] AndroidManifest.xml:49:13-88
196            android:exported="true"
196-->[com.stripe:payments-core:20.4.0] AndroidManifest.xml:50:13-36
197            android:launchMode="singleTask"
197-->[com.stripe:payments-core:20.4.0] AndroidManifest.xml:51:13-44
198            android:theme="@style/StripeTransparentTheme" >
198-->[com.stripe:payments-core:20.4.0] AndroidManifest.xml:52:13-58
199            <intent-filter>
199-->[com.stripe:payments-core:20.4.0] AndroidManifest.xml:53:13-64:29
200                <action android:name="android.intent.action.VIEW" />
200-->[com.stripe:financial-connections:20.4.0] AndroidManifest.xml:16:13-65
200-->[com.stripe:financial-connections:20.4.0] AndroidManifest.xml:16:21-62
201
202                <category android:name="android.intent.category.DEFAULT" />
202-->[com.stripe:financial-connections:20.4.0] AndroidManifest.xml:29:17-76
202-->[com.stripe:financial-connections:20.4.0] AndroidManifest.xml:29:27-73
203                <category android:name="android.intent.category.BROWSABLE" />
203-->[com.stripe:financial-connections:20.4.0] AndroidManifest.xml:30:17-78
203-->[com.stripe:financial-connections:20.4.0] AndroidManifest.xml:30:27-75
204
205                <!-- Must match `DefaultReturnUrl#value`. -->
206                <data
206-->[com.stripe:financial-connections:20.4.0] AndroidManifest.xml:18:13-43
207                    android:host="payment_return_url"
208                    android:path="/com.renterii.renterii"
209                    android:scheme="stripesdk" />
209-->[com.stripe:financial-connections:20.4.0] AndroidManifest.xml:18:19-40
210            </intent-filter>
211        </activity>
212        <activity
212-->[com.stripe:payments-core:20.4.0] AndroidManifest.xml:66:9-69:57
213            android:name="com.stripe.android.payments.core.authentication.threeds2.Stripe3ds2TransactionActivity"
213-->[com.stripe:payments-core:20.4.0] AndroidManifest.xml:67:13-114
214            android:exported="false"
214-->[com.stripe:payments-core:20.4.0] AndroidManifest.xml:68:13-37
215            android:theme="@style/StripeDefaultTheme" />
215-->[com.stripe:payments-core:20.4.0] AndroidManifest.xml:69:13-54
216        <activity
216-->[com.stripe:payments-core:20.4.0] AndroidManifest.xml:70:9-73:66
217            android:name="com.stripe.android.googlepaylauncher.StripeGooglePayActivity"
217-->[com.stripe:payments-core:20.4.0] AndroidManifest.xml:71:13-88
218            android:exported="false"
218-->[com.stripe:payments-core:20.4.0] AndroidManifest.xml:72:13-37
219            android:theme="@style/StripeGooglePayDefaultTheme" />
219-->[com.stripe:payments-core:20.4.0] AndroidManifest.xml:73:13-63
220        <activity
220-->[com.stripe:payments-core:20.4.0] AndroidManifest.xml:74:9-77:66
221            android:name="com.stripe.android.googlepaylauncher.GooglePayLauncherActivity"
221-->[com.stripe:payments-core:20.4.0] AndroidManifest.xml:75:13-90
222            android:exported="false"
222-->[com.stripe:payments-core:20.4.0] AndroidManifest.xml:76:13-37
223            android:theme="@style/StripeGooglePayDefaultTheme" />
223-->[com.stripe:payments-core:20.4.0] AndroidManifest.xml:77:13-63
224        <activity
224-->[com.stripe:payments-core:20.4.0] AndroidManifest.xml:78:9-81:66
225            android:name="com.stripe.android.googlepaylauncher.GooglePayPaymentMethodLauncherActivity"
225-->[com.stripe:payments-core:20.4.0] AndroidManifest.xml:79:13-103
226            android:exported="false"
226-->[com.stripe:payments-core:20.4.0] AndroidManifest.xml:80:13-37
227            android:theme="@style/StripeGooglePayDefaultTheme" />
227-->[com.stripe:payments-core:20.4.0] AndroidManifest.xml:81:13-63
228        <activity
228-->[com.stripe:payments-core:20.4.0] AndroidManifest.xml:82:9-85:62
229            android:name="com.stripe.android.payments.paymentlauncher.PaymentLauncherConfirmationActivity"
229-->[com.stripe:payments-core:20.4.0] AndroidManifest.xml:83:13-107
230            android:exported="false"
230-->[com.stripe:payments-core:20.4.0] AndroidManifest.xml:84:13-37
231            android:theme="@style/PayLauncherDefaultTheme" />
231-->[com.stripe:payments-core:20.4.0] AndroidManifest.xml:85:13-59
232        <activity
232-->[com.stripe:payments-core:20.4.0] AndroidManifest.xml:86:9-89:61
233            android:name="com.stripe.android.payments.bankaccount.ui.CollectBankAccountActivity"
233-->[com.stripe:payments-core:20.4.0] AndroidManifest.xml:87:13-97
234            android:exported="false"
234-->[com.stripe:payments-core:20.4.0] AndroidManifest.xml:88:13-37
235            android:theme="@style/StripeTransparentTheme" />
235-->[com.stripe:payments-core:20.4.0] AndroidManifest.xml:89:13-58
236        <activity
236-->[com.stripe:stripe-3ds2-android:6.1.5] AndroidManifest.xml:10:9-13:54
237            android:name="com.stripe.android.stripe3ds2.views.ChallengeActivity"
237-->[com.stripe:stripe-3ds2-android:6.1.5] AndroidManifest.xml:11:13-81
238            android:exported="false"
238-->[com.stripe:stripe-3ds2-android:6.1.5] AndroidManifest.xml:12:13-37
239            android:theme="@style/Stripe3DS2Theme" />
239-->[com.stripe:stripe-3ds2-android:6.1.5] AndroidManifest.xml:13:13-51
240
241        <uses-library
241-->[androidx.window:window:1.0.0-beta04] AndroidManifest.xml:25:9-27:40
242            android:name="androidx.window.extensions"
242-->[androidx.window:window:1.0.0-beta04] AndroidManifest.xml:26:13-54
243            android:required="false" />
243-->[androidx.window:window:1.0.0-beta04] AndroidManifest.xml:27:13-37
244        <uses-library
244-->[androidx.window:window:1.0.0-beta04] AndroidManifest.xml:28:9-30:40
245            android:name="androidx.window.sidecar"
245-->[androidx.window:window:1.0.0-beta04] AndroidManifest.xml:29:13-51
246            android:required="false" />
246-->[androidx.window:window:1.0.0-beta04] AndroidManifest.xml:30:13-37
247
248        <activity
248-->[com.google.firebase:firebase-auth:21.0.7] AndroidManifest.xml:27:9-44:20
249            android:name="com.google.firebase.auth.internal.GenericIdpActivity"
249-->[com.google.firebase:firebase-auth:21.0.7] AndroidManifest.xml:28:13-80
250            android:excludeFromRecents="true"
250-->[com.google.firebase:firebase-auth:21.0.7] AndroidManifest.xml:29:13-46
251            android:exported="true"
251-->[com.google.firebase:firebase-auth:21.0.7] AndroidManifest.xml:30:13-36
252            android:launchMode="singleTask"
252-->[com.google.firebase:firebase-auth:21.0.7] AndroidManifest.xml:31:13-44
253            android:theme="@android:style/Theme.Translucent.NoTitleBar" >
253-->[com.google.firebase:firebase-auth:21.0.7] AndroidManifest.xml:32:13-72
254            <intent-filter>
254-->[com.google.firebase:firebase-auth:21.0.7] AndroidManifest.xml:33:13-43:29
255                <action android:name="android.intent.action.VIEW" />
255-->[com.stripe:financial-connections:20.4.0] AndroidManifest.xml:16:13-65
255-->[com.stripe:financial-connections:20.4.0] AndroidManifest.xml:16:21-62
256
257                <category android:name="android.intent.category.DEFAULT" />
257-->[com.stripe:financial-connections:20.4.0] AndroidManifest.xml:29:17-76
257-->[com.stripe:financial-connections:20.4.0] AndroidManifest.xml:29:27-73
258                <category android:name="android.intent.category.BROWSABLE" />
258-->[com.stripe:financial-connections:20.4.0] AndroidManifest.xml:30:17-78
258-->[com.stripe:financial-connections:20.4.0] AndroidManifest.xml:30:27-75
259
260                <data
260-->[com.stripe:financial-connections:20.4.0] AndroidManifest.xml:18:13-43
261                    android:host="firebase.auth"
262                    android:path="/"
263                    android:scheme="genericidp" />
263-->[com.stripe:financial-connections:20.4.0] AndroidManifest.xml:18:19-40
264            </intent-filter>
265        </activity>
266        <activity
266-->[com.google.firebase:firebase-auth:21.0.7] AndroidManifest.xml:45:9-62:20
267            android:name="com.google.firebase.auth.internal.RecaptchaActivity"
267-->[com.google.firebase:firebase-auth:21.0.7] AndroidManifest.xml:46:13-79
268            android:excludeFromRecents="true"
268-->[com.google.firebase:firebase-auth:21.0.7] AndroidManifest.xml:47:13-46
269            android:exported="true"
269-->[com.google.firebase:firebase-auth:21.0.7] AndroidManifest.xml:48:13-36
270            android:launchMode="singleTask"
270-->[com.google.firebase:firebase-auth:21.0.7] AndroidManifest.xml:49:13-44
271            android:theme="@android:style/Theme.Translucent.NoTitleBar" >
271-->[com.google.firebase:firebase-auth:21.0.7] AndroidManifest.xml:50:13-72
272            <intent-filter>
272-->[com.google.firebase:firebase-auth:21.0.7] AndroidManifest.xml:51:13-61:29
273                <action android:name="android.intent.action.VIEW" />
273-->[com.stripe:financial-connections:20.4.0] AndroidManifest.xml:16:13-65
273-->[com.stripe:financial-connections:20.4.0] AndroidManifest.xml:16:21-62
274
275                <category android:name="android.intent.category.DEFAULT" />
275-->[com.stripe:financial-connections:20.4.0] AndroidManifest.xml:29:17-76
275-->[com.stripe:financial-connections:20.4.0] AndroidManifest.xml:29:27-73
276                <category android:name="android.intent.category.BROWSABLE" />
276-->[com.stripe:financial-connections:20.4.0] AndroidManifest.xml:30:17-78
276-->[com.stripe:financial-connections:20.4.0] AndroidManifest.xml:30:27-75
277
278                <data
278-->[com.stripe:financial-connections:20.4.0] AndroidManifest.xml:18:13-43
279                    android:host="firebase.auth"
280                    android:path="/"
281                    android:scheme="recaptcha" />
281-->[com.stripe:financial-connections:20.4.0] AndroidManifest.xml:18:19-40
282            </intent-filter>
283        </activity>
284
285        <provider
285-->[com.google.firebase:firebase-common:20.1.1] AndroidManifest.xml:26:9-31:39
286            android:name="com.google.firebase.provider.FirebaseInitProvider"
286-->[com.google.firebase:firebase-common:20.1.1] AndroidManifest.xml:27:13-77
287            android:authorities="com.renterii.renterii.firebaseinitprovider"
287-->[com.google.firebase:firebase-common:20.1.1] AndroidManifest.xml:28:13-72
288            android:directBootAware="true"
288-->[com.google.firebase:firebase-common:20.1.1] AndroidManifest.xml:29:13-43
289            android:exported="false"
289-->[com.google.firebase:firebase-common:20.1.1] AndroidManifest.xml:30:13-37
290            android:initOrder="100" /> <!-- Needs to be explicitly declared on P+ -->
290-->[com.google.firebase:firebase-common:20.1.1] AndroidManifest.xml:31:13-36
291        <uses-library
291-->[com.google.android.gms:play-services-maps:18.0.2] AndroidManifest.xml:39:9-41:40
292            android:name="org.apache.http.legacy"
292-->[com.google.android.gms:play-services-maps:18.0.2] AndroidManifest.xml:40:13-50
293            android:required="false" />
293-->[com.google.android.gms:play-services-maps:18.0.2] AndroidManifest.xml:41:13-37
294
295        <activity
295-->[com.google.android.gms:play-services-auth:20.0.1] AndroidManifest.xml:23:9-27:75
296            android:name="com.google.android.gms.auth.api.signin.internal.SignInHubActivity"
296-->[com.google.android.gms:play-services-auth:20.0.1] AndroidManifest.xml:24:13-93
297            android:excludeFromRecents="true"